面试题，小弟不知道这样对了没有 -> /t/591589#reply15
阿里云控制台为什么要用 React 重写？ -> /t/591152#reply87
跳槽的时候大厂背景真的是硬通货 -> /t/591459#reply134
Java 真的老了么 -> /t/591510#reply30
华为 Harmony OS 的 SEO 问题 -> /t/591198#reply374
win10，发现一些网络请求全部被转到本地 1080 端口，然后失败 -> /t/591473#reply52
不对硬盘分区直接格式化文件系统有哪些利弊？ -> /t/591479#reply4
写了一两年代码，说下心得体会，大家交流交流 -> /t/591397#reply46
求助，手机黑砖了， qualcomm HS-USB QDLoader 9008 所有按键都没有反应 -> /t/591435#reply17
怎么知道 Type-c 转 3.5 是走的模拟音源还是数字音源？ -> /t/591398#reply21
到底要不要坚持学习 PHP -> /t/591332#reply73
excel 工具，如何最简单的变成 web 服务？ -> /t/591598#reply10
protobuf 在通过 hidl 接口传输时，是不是应该用 string 啊 -> /t/591576#reply2
如何快速搭建实用的爬虫管理平台 -> /t/591610#reply2
健身（运动）的程序员们，你们坚持了多久？有什么积极变化？ -> /t/591128#reply153
安卓开发学习路线 -> /t/591448#reply18
大家有什么推荐的 route web -> /t/591569#reply2
Android radius 和 background-color 改一个就要写一个 xml，有没有解决办法。。 -> /t/591540#reply6
vue 做的页面大家是如何做 SEO 的,是服务器端渲染吗? -> /t/591212#reply32
nodejs 这段代码会导致什么后果 -> /t/591522#reply9
CLOUD SYSTEMS ENGINEER - 云，运维人员看过来，国外机会，工资高，工作比国内华为阿里轻松得多 -> /t/591597#reply0
Tcp 服务器编写的一些问题， io 多路复用？多线程？数据库？ -> /t/591444#reply14
程序员这个行业值得一直做下去吗？ -> /t/591369#reply87
安卓上一直没找到好用的文本编辑器，所以基于 scintilla/scite 做了个高性能的文本编辑器 -> /t/591349#reply25
你们挣够多少钱就会考虑离职回三四线城市养老？ -> /t/591120#reply90
千万不要被 Leader 的鬼话影响 -> /t/591249#reply77
能否通过 v2 的个人主页链接提供的信息 用 nodejs 或其它程序的方式 判断本站现在有多少注册会员呢 -> /t/591543#reply10
请教大家 如 select * from V2EX where a = 1 order by b desc limit 1 的 sql 如何建立索引？ -> /t/591415#reply11
程序员如何入门项目管理？ -> /t/591488#reply6
大家有什么独到的 dotfiles 管理方案吗 -> /t/591506#reply2
少年，撸猫吗？ -> /t/591393#reply18
一个后端 er 想进前端娱乐圈 -> /t/591333#reply35
谷歌开发者大会，有朋友收到确认邮件了？ -> /t/591551#reply2
有人收到 9102 年的 GDD 参会邀请邮件了吗？ -> /t/591548#reply1
这种圆圈+文字的布局如何实现？ -> /t/591498#reply6
记一次面试经历 -> /t/591533#reply5
遇到一个对应计算的问题 -> /t/591550#reply0
求助一个 pandas 问题，使用布尔筛选 DataFrame 后，怎么对某一列赋值生效 -> /t/591433#reply2
关于持续改进/迭代开发 与 近似无条件响应客户/产品开发（后文称之为自由开发）的同异 -> /t/591578#reply1
提供一个磁力链接转种子文件思路及 Java 代码 -> /t/591365#reply9
请教，这种情况的 pandas 多条件去重复行是 pd 内置方法来搞，还是设计算法来处理？另请教重建索引 -> /t/591396#reply6
系统设计面试 101 -> /t/591399#reply3
分享一个我写的用 Python 批量下载微信公众号文章的开源项目 -> /t/591302#reply28
请问大佬们，我想做一个室内空气质量检测的项目，有什么好的建议 -> /t/591541#reply1
一个技术原理实现问题， iPhone 上这种一次性分享多个文件是如何实现的？ -> /t/591379#reply15
《第一行代码》和《android 编程权威指南》哪个更好一点？各有什么特色？？ -> /t/591266#reply32
求几个程序员远程工作或者自由职业的 tg 群 -> /t/591552#reply0
使用 Jupyter Notebook 做“测试”（TestCase）太完美！？ -> /t/591545#reply0
vim 的 taglist 显示函数有重复怎么办？ -> /t/591442#reply0
为什么很少有人拿苹果电脑作为服务器呢？ -> /t/591177#reply48
程序员这个行业值得一直做下去吗？ -> /t/591369#reply88
面试题，小弟不知道这样对了没有 -> /t/591589#reply15
阿里云控制台为什么要用 React 重写？ -> /t/591152#reply87
跳槽的时候大厂背景真的是硬通货 -> /t/591459#reply134
Java 真的老了么 -> /t/591510#reply30
华为 Harmony OS 的 SEO 问题 -> /t/591198#reply374
win10，发现一些网络请求全部被转到本地 1080 端口，然后失败 -> /t/591473#reply52
不对硬盘分区直接格式化文件系统有哪些利弊？ -> /t/591479#reply4
写了一两年代码，说下心得体会，大家交流交流 -> /t/591397#reply46
求助，手机黑砖了， qualcomm HS-USB QDLoader 9008 所有按键都没有反应 -> /t/591435#reply17
怎么知道 Type-c 转 3.5 是走的模拟音源还是数字音源？ -> /t/591398#reply21
到底要不要坚持学习 PHP -> /t/591332#reply73
excel 工具，如何最简单的变成 web 服务？ -> /t/591598#reply10
protobuf 在通过 hidl 接口传输时，是不是应该用 string 啊 -> /t/591576#reply2
如何快速搭建实用的爬虫管理平台 -> /t/591610#reply2
健身（运动）的程序员们，你们坚持了多久？有什么积极变化？ -> /t/591128#reply153
安卓开发学习路线 -> /t/591448#reply18
大家有什么推荐的 route web -> /t/591569#reply2
Android radius 和 background-color 改一个就要写一个 xml，有没有解决办法。。 -> /t/591540#reply6
vue 做的页面大家是如何做 SEO 的,是服务器端渲染吗? -> /t/591212#reply32
nodejs 这段代码会导致什么后果 -> /t/591522#reply9
CLOUD SYSTEMS ENGINEER - 云，运维人员看过来，国外机会，工资高，工作比国内华为阿里轻松得多 -> /t/591597#reply0
Tcp 服务器编写的一些问题， io 多路复用？多线程？数据库？ -> /t/591444#reply14
安卓上一直没找到好用的文本编辑器，所以基于 scintilla/scite 做了个高性能的文本编辑器 -> /t/591349#reply25
你们挣够多少钱就会考虑离职回三四线城市养老？ -> /t/591120#reply90
千万不要被 Leader 的鬼话影响 -> /t/591249#reply77
能否通过 v2 的个人主页链接提供的信息 用 nodejs 或其它程序的方式 判断本站现在有多少注册会员呢 -> /t/591543#reply10
请教大家 如 select * from V2EX where a = 1 order by b desc limit 1 的 sql 如何建立索引？ -> /t/591415#reply11
程序员如何入门项目管理？ -> /t/591488#reply6
大家有什么独到的 dotfiles 管理方案吗 -> /t/591506#reply2
少年，撸猫吗？ -> /t/591393#reply18
一个后端 er 想进前端娱乐圈 -> /t/591333#reply35
谷歌开发者大会，有朋友收到确认邮件了？ -> /t/591551#reply2
有人收到 9102 年的 GDD 参会邀请邮件了吗？ -> /t/591548#reply1
这种圆圈+文字的布局如何实现？ -> /t/591498#reply6
记一次面试经历 -> /t/591533#reply5
遇到一个对应计算的问题 -> /t/591550#reply0
求助一个 pandas 问题，使用布尔筛选 DataFrame 后，怎么对某一列赋值生效 -> /t/591433#reply2
关于持续改进/迭代开发 与 近似无条件响应客户/产品开发（后文称之为自由开发）的同异 -> /t/591578#reply1
提供一个磁力链接转种子文件思路及 Java 代码 -> /t/591365#reply9
请教，这种情况的 pandas 多条件去重复行是 pd 内置方法来搞，还是设计算法来处理？另请教重建索引 -> /t/591396#reply6
系统设计面试 101 -> /t/591399#reply3
分享一个我写的用 Python 批量下载微信公众号文章的开源项目 -> /t/591302#reply28
请问大佬们，我想做一个室内空气质量检测的项目，有什么好的建议 -> /t/591541#reply1
一个技术原理实现问题， iPhone 上这种一次性分享多个文件是如何实现的？ -> /t/591379#reply15
《第一行代码》和《android 编程权威指南》哪个更好一点？各有什么特色？？ -> /t/591266#reply32
求几个程序员远程工作或者自由职业的 tg 群 -> /t/591552#reply0
使用 Jupyter Notebook 做“测试”（TestCase）太完美！？ -> /t/591545#reply0
vim 的 taglist 显示函数有重复怎么办？ -> /t/591442#reply0
为什么很少有人拿苹果电脑作为服务器呢？ -> /t/591177#reply48
遇到一个对应计算的问题 -> /t/591550#reply3
PyTorch 官方中文教程包含 60 分钟快速入门教程，强化教程，计算机视觉，自然语言处理，生成对抗网络，强化学习。 -> /t/591633#reply0
到底要不要坚持学习 PHP -> /t/591332#reply74
程序员这个行业值得一直做下去吗？ -> /t/591369#reply90
阿里云控制台为什么要用 React 重写？ -> /t/591152#reply88
Java 真的老了么 -> /t/591510#reply32
win10，发现一些网络请求全部被转到本地 1080 端口，然后失败 -> /t/591473#reply54
华为 Harmony OS 的 SEO 问题 -> /t/591198#reply375
protobuf 在通过 hidl 接口传输时，是不是应该用 string 啊 -> /t/591576#reply3
面试题，小弟不知道这样对了没有 -> /t/591589#reply15
跳槽的时候大厂背景真的是硬通货 -> /t/591459#reply134
不对硬盘分区直接格式化文件系统有哪些利弊？ -> /t/591479#reply4
写了一两年代码，说下心得体会，大家交流交流 -> /t/591397#reply46
求助，手机黑砖了， qualcomm HS-USB QDLoader 9008 所有按键都没有反应 -> /t/591435#reply17
怎么知道 Type-c 转 3.5 是走的模拟音源还是数字音源？ -> /t/591398#reply21
excel 工具，如何最简单的变成 web 服务？ -> /t/591598#reply10
如何快速搭建实用的爬虫管理平台 -> /t/591610#reply2
健身（运动）的程序员们，你们坚持了多久？有什么积极变化？ -> /t/591128#reply153
安卓开发学习路线 -> /t/591448#reply18
大家有什么推荐的 route web -> /t/591569#reply2
Android radius 和 background-color 改一个就要写一个 xml，有没有解决办法。。 -> /t/591540#reply6
vue 做的页面大家是如何做 SEO 的,是服务器端渲染吗? -> /t/591212#reply32
nodejs 这段代码会导致什么后果 -> /t/591522#reply9
CLOUD SYSTEMS ENGINEER - 云，运维人员看过来，国外机会，工资高，工作比国内华为阿里轻松得多 -> /t/591597#reply0
Tcp 服务器编写的一些问题， io 多路复用？多线程？数据库？ -> /t/591444#reply14
安卓上一直没找到好用的文本编辑器，所以基于 scintilla/scite 做了个高性能的文本编辑器 -> /t/591349#reply25
你们挣够多少钱就会考虑离职回三四线城市养老？ -> /t/591120#reply90
千万不要被 Leader 的鬼话影响 -> /t/591249#reply77
能否通过 v2 的个人主页链接提供的信息 用 nodejs 或其它程序的方式 判断本站现在有多少注册会员呢 -> /t/591543#reply10
请教大家 如 select * from V2EX where a = 1 order by b desc limit 1 的 sql 如何建立索引？ -> /t/591415#reply11
程序员如何入门项目管理？ -> /t/591488#reply6
大家有什么独到的 dotfiles 管理方案吗 -> /t/591506#reply2
少年，撸猫吗？ -> /t/591393#reply18
一个后端 er 想进前端娱乐圈 -> /t/591333#reply35
谷歌开发者大会，有朋友收到确认邮件了？ -> /t/591551#reply2
有人收到 9102 年的 GDD 参会邀请邮件了吗？ -> /t/591548#reply1
这种圆圈+文字的布局如何实现？ -> /t/591498#reply6
记一次面试经历 -> /t/591533#reply5
求助一个 pandas 问题，使用布尔筛选 DataFrame 后，怎么对某一列赋值生效 -> /t/591433#reply2
关于持续改进/迭代开发 与 近似无条件响应客户/产品开发（后文称之为自由开发）的同异 -> /t/591578#reply1
